2021-12-23 14:31:34,541 DEBUG    root            Loaded Command Group: ['gcloud', 'components']
2021-12-23 14:31:34,545 DEBUG    root            Loaded Command Group: ['gcloud', 'components', 'update']
2021-12-23 14:31:34,547 DEBUG    root            Running [gcloud.components.update] with arguments: [--allow-no-backup: "True", --quiet: "True", COMPONENT-IDS:6: "['core', 'gcloud-deps', 'bq', 'gcloud', 'gsutil', 'anthoscli']"]
2021-12-23 14:31:34,553 INFO     ___FILE_ONLY___ Beginning update. This process may take several minutes.

2021-12-23 14:31:46,581 DEBUG    urllib3.connectionpool Starting new HTTPS connection (1): dl.google.com:443
2021-12-23 14:31:46,658 DEBUG    urllib3.connectionpool https://dl.google.com:443 "GET /dl/cloudsdk/channels/rapid/components-2.json HTTP/1.1" 200 176227
2021-12-23 14:31:46,674 INFO     ___FILE_ONLY___ 

2021-12-23 14:31:46,675 INFO     ___FILE_ONLY___ 
Your current Cloud SDK version is: 367.0.0

2021-12-23 14:31:46,675 INFO     ___FILE_ONLY___ Installing components from version: 367.0.0

2021-12-23 14:31:46,675 INFO     ___FILE_ONLY___ 

2021-12-23 14:31:46,682 INFO     ___FILE_ONLY___ ┌─────────────────────────────────────────────────────────────────────────────┐
2021-12-23 14:31:46,682 INFO     ___FILE_ONLY___ 

2021-12-23 14:31:46,682 INFO     ___FILE_ONLY___ │                     These components will be installed.                     │
2021-12-23 14:31:46,682 INFO     ___FILE_ONLY___ 

2021-12-23 14:31:46,683 INFO     ___FILE_ONLY___ ├─────────────────────────────────────────────────────┬────────────┬──────────┤
2021-12-23 14:31:46,683 INFO     ___FILE_ONLY___ 

2021-12-23 14:31:46,683 INFO     ___FILE_ONLY___ │                         Name                        │  Version   │   Size   │
2021-12-23 14:31:46,683 INFO     ___FILE_ONLY___ 

2021-12-23 14:31:46,683 INFO     ___FILE_ONLY___ ├─────────────────────────────────────────────────────┼────────────┼──────────┤
2021-12-23 14:31:46,683 INFO     ___FILE_ONLY___ 

2021-12-23 14:31:46,683 INFO     ___FILE_ONLY___ │ 
2021-12-23 14:31:46,683 INFO     ___FILE_ONLY___ BigQuery Command Line Tool                         
2021-12-23 14:31:46,683 INFO     ___FILE_ONLY___  
2021-12-23 14:31:46,683 INFO     ___FILE_ONLY___ │ 
2021-12-23 14:31:46,683 INFO     ___FILE_ONLY___     2.0.72
2021-12-23 14:31:46,684 INFO     ___FILE_ONLY___  
2021-12-23 14:31:46,684 INFO     ___FILE_ONLY___ │ 
2021-12-23 14:31:46,684 INFO     ___FILE_ONLY___  1.0 MiB
2021-12-23 14:31:46,684 INFO     ___FILE_ONLY___  
2021-12-23 14:31:46,684 INFO     ___FILE_ONLY___ │
2021-12-23 14:31:46,684 INFO     ___FILE_ONLY___ 

2021-12-23 14:31:46,684 INFO     ___FILE_ONLY___ │ 
2021-12-23 14:31:46,684 INFO     ___FILE_ONLY___ BigQuery Command Line Tool (Platform Specific)     
2021-12-23 14:31:46,684 INFO     ___FILE_ONLY___  
2021-12-23 14:31:46,684 INFO     ___FILE_ONLY___ │ 
2021-12-23 14:31:46,685 INFO     ___FILE_ONLY___     2.0.71
2021-12-23 14:31:46,685 INFO     ___FILE_ONLY___  
2021-12-23 14:31:46,685 INFO     ___FILE_ONLY___ │ 
2021-12-23 14:31:46,685 INFO     ___FILE_ONLY___  < 1 MiB
2021-12-23 14:31:46,685 INFO     ___FILE_ONLY___  
2021-12-23 14:31:46,685 INFO     ___FILE_ONLY___ │
2021-12-23 14:31:46,685 INFO     ___FILE_ONLY___ 

2021-12-23 14:31:46,685 INFO     ___FILE_ONLY___ │ 
2021-12-23 14:31:46,685 INFO     ___FILE_ONLY___ Cloud SDK Core Libraries (Platform Specific)       
2021-12-23 14:31:46,685 INFO     ___FILE_ONLY___  
2021-12-23 14:31:46,686 INFO     ___FILE_ONLY___ │ 
2021-12-23 14:31:46,686 INFO     ___FILE_ONLY___ 2021.09.17
2021-12-23 14:31:46,686 INFO     ___FILE_ONLY___  
2021-12-23 14:31:46,686 INFO     ___FILE_ONLY___ │ 
2021-12-23 14:31:46,686 INFO     ___FILE_ONLY___  < 1 MiB
2021-12-23 14:31:46,686 INFO     ___FILE_ONLY___  
2021-12-23 14:31:46,686 INFO     ___FILE_ONLY___ │
2021-12-23 14:31:46,686 INFO     ___FILE_ONLY___ 

2021-12-23 14:31:46,686 INFO     ___FILE_ONLY___ │ 
2021-12-23 14:31:46,686 INFO     ___FILE_ONLY___ Cloud Storage Command Line Tool                    
2021-12-23 14:31:46,687 INFO     ___FILE_ONLY___  
2021-12-23 14:31:46,687 INFO     ___FILE_ONLY___ │ 
2021-12-23 14:31:46,687 INFO     ___FILE_ONLY___        5.5
2021-12-23 14:31:46,687 INFO     ___FILE_ONLY___  
2021-12-23 14:31:46,687 INFO     ___FILE_ONLY___ │ 
2021-12-23 14:31:46,687 INFO     ___FILE_ONLY___  8.1 MiB
2021-12-23 14:31:46,687 INFO     ___FILE_ONLY___  
2021-12-23 14:31:46,687 INFO     ___FILE_ONLY___ │
2021-12-23 14:31:46,687 INFO     ___FILE_ONLY___ 

2021-12-23 14:31:46,687 INFO     ___FILE_ONLY___ │ 
2021-12-23 14:31:46,688 INFO     ___FILE_ONLY___ Cloud Storage Command Line Tool (Platform Specific)
2021-12-23 14:31:46,688 INFO     ___FILE_ONLY___  
2021-12-23 14:31:46,688 INFO     ___FILE_ONLY___ │ 
2021-12-23 14:31:46,688 INFO     ___FILE_ONLY___       4.68
2021-12-23 14:31:46,688 INFO     ___FILE_ONLY___  
2021-12-23 14:31:46,688 INFO     ___FILE_ONLY___ │ 
2021-12-23 14:31:46,688 INFO     ___FILE_ONLY___  < 1 MiB
2021-12-23 14:31:46,688 INFO     ___FILE_ONLY___  
2021-12-23 14:31:46,688 INFO     ___FILE_ONLY___ │
2021-12-23 14:31:46,688 INFO     ___FILE_ONLY___ 

2021-12-23 14:31:46,688 INFO     ___FILE_ONLY___ │ 
2021-12-23 14:31:46,688 INFO     ___FILE_ONLY___ anthoscli                                          
2021-12-23 14:31:46,688 INFO     ___FILE_ONLY___  
2021-12-23 14:31:46,688 INFO     ___FILE_ONLY___ │ 
2021-12-23 14:31:46,688 INFO     ___FILE_ONLY___     0.2.21
2021-12-23 14:31:46,689 INFO     ___FILE_ONLY___  
2021-12-23 14:31:46,689 INFO     ___FILE_ONLY___ │ 
2021-12-23 14:31:46,689 INFO     ___FILE_ONLY___ 47.0 MiB
2021-12-23 14:31:46,689 INFO     ___FILE_ONLY___  
2021-12-23 14:31:46,689 INFO     ___FILE_ONLY___ │
2021-12-23 14:31:46,689 INFO     ___FILE_ONLY___ 

2021-12-23 14:31:46,689 INFO     ___FILE_ONLY___ │ 
2021-12-23 14:31:46,689 INFO     ___FILE_ONLY___ gcloud cli dependencies                            
2021-12-23 14:31:46,689 INFO     ___FILE_ONLY___  
2021-12-23 14:31:46,689 INFO     ___FILE_ONLY___ │ 
2021-12-23 14:31:46,689 INFO     ___FILE_ONLY___ 2021.04.16
2021-12-23 14:31:46,689 INFO     ___FILE_ONLY___  
2021-12-23 14:31:46,689 INFO     ___FILE_ONLY___ │ 
2021-12-23 14:31:46,689 INFO     ___FILE_ONLY___  < 1 MiB
2021-12-23 14:31:46,689 INFO     ___FILE_ONLY___  
2021-12-23 14:31:46,690 INFO     ___FILE_ONLY___ │
2021-12-23 14:31:46,690 INFO     ___FILE_ONLY___ 

2021-12-23 14:31:46,690 INFO     ___FILE_ONLY___ └─────────────────────────────────────────────────────┴────────────┴──────────┘
2021-12-23 14:31:46,690 INFO     ___FILE_ONLY___ 

2021-12-23 14:31:46,690 INFO     ___FILE_ONLY___ 

2021-12-23 14:31:46,692 DEBUG    urllib3.connectionpool Starting new HTTPS connection (1): dl.google.com:443
2021-12-23 14:31:46,765 DEBUG    urllib3.connectionpool https://dl.google.com:443 "GET /dl/cloudsdk/channels/rapid/RELEASE_NOTES HTTP/1.1" 200 739514
2021-12-23 14:31:46,786 INFO     ___FILE_ONLY___ For the latest full release notes, please visit:
  https://cloud.google.com/sdk/release_notes


2021-12-23 14:31:46,791 INFO     ___FILE_ONLY___ ╔════════════════════════════════════════════════════════════╗

2021-12-23 14:31:46,791 INFO     ___FILE_ONLY___ ╠═ Creating update staging area                             ═╣

2021-12-23 14:31:46,791 INFO     ___FILE_ONLY___ ╚
2021-12-23 14:31:46,792 INFO     ___FILE_ONLY___ ══════
2021-12-23 14:31:46,795 INFO     ___FILE_ONLY___ ══════
2021-12-23 14:31:46,795 INFO     ___FILE_ONLY___ ══════
2021-12-23 14:31:46,998 INFO     ___FILE_ONLY___ ═
2021-12-23 14:31:47,043 INFO     ___FILE_ONLY___ ═
2021-12-23 14:31:47,097 INFO     ___FILE_ONLY___ ═
2021-12-23 14:31:47,153 INFO     ___FILE_ONLY___ ═
2021-12-23 14:31:47,199 INFO     ___FILE_ONLY___ ═
2021-12-23 14:31:47,244 INFO     ___FILE_ONLY___ ═
2021-12-23 14:31:47,295 INFO     ___FILE_ONLY___ ═
2021-12-23 14:31:47,337 INFO     ___FILE_ONLY___ ═
2021-12-23 14:31:47,384 INFO     ___FILE_ONLY___ ═
2021-12-23 14:31:47,436 INFO     ___FILE_ONLY___ ═
2021-12-23 14:31:47,471 INFO     ___FILE_ONLY___ ═
2021-12-23 14:31:47,516 INFO     ___FILE_ONLY___ ═
2021-12-23 14:31:47,556 INFO     ___FILE_ONLY___ ═
2021-12-23 14:31:47,597 INFO     ___FILE_ONLY___ ═
2021-12-23 14:31:47,706 INFO     ___FILE_ONLY___ ═
2021-12-23 14:31:47,750 INFO     ___FILE_ONLY___ ═
2021-12-23 14:31:47,792 INFO     ___FILE_ONLY___ ═
2021-12-23 14:31:47,835 INFO     ___FILE_ONLY___ ═
2021-12-23 14:31:47,878 INFO     ___FILE_ONLY___ ═
2021-12-23 14:31:47,914 INFO     ___FILE_ONLY___ ═
2021-12-23 14:31:47,962 INFO     ___FILE_ONLY___ ═
2021-12-23 14:31:48,000 INFO     ___FILE_ONLY___ ═
2021-12-23 14:31:48,040 INFO     ___FILE_ONLY___ ═
2021-12-23 14:31:48,082 INFO     ___FILE_ONLY___ ═
2021-12-23 14:31:48,137 INFO     ___FILE_ONLY___ ═
2021-12-23 14:31:48,199 INFO     ___FILE_ONLY___ ═
2021-12-23 14:31:48,254 INFO     ___FILE_ONLY___ ═
2021-12-23 14:31:48,307 INFO     ___FILE_ONLY___ ═
2021-12-23 14:31:48,359 INFO     ___FILE_ONLY___ ═
2021-12-23 14:31:48,421 INFO     ___FILE_ONLY___ ═
2021-12-23 14:31:48,477 INFO     ___FILE_ONLY___ ═
2021-12-23 14:31:48,592 INFO     ___FILE_ONLY___ ═
2021-12-23 14:31:48,620 INFO     ___FILE_ONLY___ ═
2021-12-23 14:31:48,646 INFO     ___FILE_ONLY___ ═
2021-12-23 14:31:48,671 INFO     ___FILE_ONLY___ ═
2021-12-23 14:31:48,695 INFO     ___FILE_ONLY___ ═
2021-12-23 14:31:48,719 INFO     ___FILE_ONLY___ ═
2021-12-23 14:31:48,745 INFO     ___FILE_ONLY___ ═
2021-12-23 14:31:48,777 INFO     ___FILE_ONLY___ ═
2021-12-23 14:31:48,846 INFO     ___FILE_ONLY___ ═
2021-12-23 14:31:48,911 INFO     ___FILE_ONLY___ ═
2021-12-23 14:31:49,007 INFO     ___FILE_ONLY___ ═
2021-12-23 14:31:49,008 INFO     ___FILE_ONLY___ ╝

2021-12-23 14:31:49,178 INFO     ___FILE_ONLY___ ╔════════════════════════════════════════════════════════════╗

2021-12-23 14:31:49,179 INFO     ___FILE_ONLY___ ╠═ Installing: BigQuery Command Line Tool                   ═╣

2021-12-23 14:31:49,179 INFO     ___FILE_ONLY___ ╚
2021-12-23 14:31:49,182 DEBUG    urllib3.connectionpool Starting new HTTPS connection (1): dl.google.com:443
2021-12-23 14:31:49,212 DEBUG    urllib3.connectionpool https://dl.google.com:443 "GET /dl/cloudsdk/channels/rapid/components/google-cloud-sdk-bq-20211210155428.tar.gz HTTP/1.1" 200 1083131
2021-12-23 14:31:49,224 INFO     ___FILE_ONLY___ ═
2021-12-23 14:31:49,224 INFO     ___FILE_ONLY___ ═
2021-12-23 14:31:49,224 INFO     ___FILE_ONLY___ ═
2021-12-23 14:31:49,224 INFO     ___FILE_ONLY___ ═
2021-12-23 14:31:49,224 INFO     ___FILE_ONLY___ ═
2021-12-23 14:31:49,225 INFO     ___FILE_ONLY___ ═
2021-12-23 14:31:49,225 INFO     ___FILE_ONLY___ ═
2021-12-23 14:31:49,225 INFO     ___FILE_ONLY___ ═
2021-12-23 14:31:49,225 INFO     ___FILE_ONLY___ ═
2021-12-23 14:31:49,225 INFO     ___FILE_ONLY___ ═
2021-12-23 14:31:49,225 INFO     ___FILE_ONLY___ ═
2021-12-23 14:31:49,225 INFO     ___FILE_ONLY___ ═
2021-12-23 14:31:49,225 INFO     ___FILE_ONLY___ ═
2021-12-23 14:31:49,226 INFO     ___FILE_ONLY___ ═
2021-12-23 14:31:49,226 INFO     ___FILE_ONLY___ ═
2021-12-23 14:31:49,226 INFO     ___FILE_ONLY___ ═
2021-12-23 14:31:49,226 INFO     ___FILE_ONLY___ ═
2021-12-23 14:31:49,226 INFO     ___FILE_ONLY___ ═
2021-12-23 14:31:49,226 INFO     ___FILE_ONLY___ ═
2021-12-23 14:31:49,226 INFO     ___FILE_ONLY___ ═
2021-12-23 14:31:49,226 INFO     ___FILE_ONLY___ ═
2021-12-23 14:31:49,227 INFO     ___FILE_ONLY___ ═
2021-12-23 14:31:49,227 INFO     ___FILE_ONLY___ ═
2021-12-23 14:31:49,227 INFO     ___FILE_ONLY___ ═
2021-12-23 14:31:49,227 INFO     ___FILE_ONLY___ ═
2021-12-23 14:31:49,227 INFO     ___FILE_ONLY___ ═
2021-12-23 14:31:49,227 INFO     ___FILE_ONLY___ ═
2021-12-23 14:31:49,227 INFO     ___FILE_ONLY___ ═
2021-12-23 14:31:49,227 INFO     ___FILE_ONLY___ ═
2021-12-23 14:31:49,227 INFO     ___FILE_ONLY___ ═
2021-12-23 14:31:49,282 INFO     ___FILE_ONLY___ ═
2021-12-23 14:31:49,291 INFO     ___FILE_ONLY___ ═
2021-12-23 14:31:49,294 INFO     ___FILE_ONLY___ ═
2021-12-23 14:31:49,297 INFO     ___FILE_ONLY___ ═
2021-12-23 14:31:49,299 INFO     ___FILE_ONLY___ ═
2021-12-23 14:31:49,303 INFO     ___FILE_ONLY___ ═
2021-12-23 14:31:49,306 INFO     ___FILE_ONLY___ ═
2021-12-23 14:31:49,308 INFO     ___FILE_ONLY___ ═
2021-12-23 14:31:49,311 INFO     ___FILE_ONLY___ ═
2021-12-23 14:31:49,314 INFO     ___FILE_ONLY___ ═
2021-12-23 14:31:49,317 INFO     ___FILE_ONLY___ ═
2021-12-23 14:31:49,321 INFO     ___FILE_ONLY___ ═
2021-12-23 14:31:49,326 INFO     ___FILE_ONLY___ ═
2021-12-23 14:31:49,329 INFO     ___FILE_ONLY___ ═
2021-12-23 14:31:49,331 INFO     ___FILE_ONLY___ ═
2021-12-23 14:31:49,334 INFO     ___FILE_ONLY___ ═
2021-12-23 14:31:49,336 INFO     ___FILE_ONLY___ ═
2021-12-23 14:31:49,339 INFO     ___FILE_ONLY___ ═
2021-12-23 14:31:49,342 INFO     ___FILE_ONLY___ ═
2021-12-23 14:31:49,344 INFO     ___FILE_ONLY___ ═
2021-12-23 14:31:49,347 INFO     ___FILE_ONLY___ ═
2021-12-23 14:31:49,352 INFO     ___FILE_ONLY___ ═
2021-12-23 14:31:49,354 INFO     ___FILE_ONLY___ ═
2021-12-23 14:31:49,357 INFO     ___FILE_ONLY___ ═
2021-12-23 14:31:49,359 INFO     ___FILE_ONLY___ ═
2021-12-23 14:31:49,363 INFO     ___FILE_ONLY___ ═
2021-12-23 14:31:49,365 INFO     ___FILE_ONLY___ ═
2021-12-23 14:31:49,368 INFO     ___FILE_ONLY___ ═
2021-12-23 14:31:49,371 INFO     ___FILE_ONLY___ ═
2021-12-23 14:31:49,374 INFO     ___FILE_ONLY___ ═
2021-12-23 14:31:49,374 INFO     ___FILE_ONLY___ ╝

2021-12-23 14:31:49,387 INFO     ___FILE_ONLY___ ╔════════════════════════════════════════════════════════════╗

2021-12-23 14:31:49,388 INFO     ___FILE_ONLY___ ╠═ Installing: BigQuery Command Line Tool (Platform Spec... ═╣

2021-12-23 14:31:49,388 INFO     ___FILE_ONLY___ ╚
2021-12-23 14:31:49,391 DEBUG    urllib3.connectionpool Starting new HTTPS connection (1): dl.google.com:443
2021-12-23 14:31:49,471 DEBUG    urllib3.connectionpool https://dl.google.com:443 "GET /dl/cloudsdk/channels/rapid/components/google-cloud-sdk-bq-nix-20210917183454.tar.gz HTTP/1.1" 200 1901
2021-12-23 14:31:49,472 INFO     ___FILE_ONLY___ ══════════════════════════════
2021-12-23 14:31:49,473 INFO     ___FILE_ONLY___ ══════════════════════════════
2021-12-23 14:31:49,473 INFO     ___FILE_ONLY___ ╝

2021-12-23 14:31:49,483 INFO     ___FILE_ONLY___ ╔════════════════════════════════════════════════════════════╗

2021-12-23 14:31:49,483 INFO     ___FILE_ONLY___ ╠═ Installing: Cloud SDK Core Libraries (Platform Specific) ═╣

2021-12-23 14:31:49,483 INFO     ___FILE_ONLY___ ╚
2021-12-23 14:31:49,487 DEBUG    urllib3.connectionpool Starting new HTTPS connection (1): dl.google.com:443
2021-12-23 14:31:49,562 DEBUG    urllib3.connectionpool https://dl.google.com:443 "GET /dl/cloudsdk/channels/rapid/components/google-cloud-sdk-core-nix-20210917183454.tar.gz HTTP/1.1" 200 2288
2021-12-23 14:31:49,563 INFO     ___FILE_ONLY___ ══════════════════════════════
2021-12-23 14:31:49,564 INFO     ___FILE_ONLY___ ═══════════════
2021-12-23 14:31:49,565 INFO     ___FILE_ONLY___ ═══════════════
2021-12-23 14:31:49,565 INFO     ___FILE_ONLY___ ╝

2021-12-23 14:31:49,574 INFO     ___FILE_ONLY___ ╔════════════════════════════════════════════════════════════╗

2021-12-23 14:31:49,575 INFO     ___FILE_ONLY___ ╠═ Installing: Cloud Storage Command Line Tool              ═╣

2021-12-23 14:31:49,575 INFO     ___FILE_ONLY___ ╚
2021-12-23 14:31:49,578 DEBUG    urllib3.connectionpool Starting new HTTPS connection (1): dl.google.com:443
2021-12-23 14:31:49,653 DEBUG    urllib3.connectionpool https://dl.google.com:443 "GET /dl/cloudsdk/channels/rapid/components/google-cloud-sdk-gsutil-20211112160846.tar.gz HTTP/1.1" 200 8492857
2021-12-23 14:31:49,696 INFO     ___FILE_ONLY___ ═
2021-12-23 14:31:49,696 INFO     ___FILE_ONLY___ ═
2021-12-23 14:31:49,697 INFO     ___FILE_ONLY___ ═
2021-12-23 14:31:49,697 INFO     ___FILE_ONLY___ ═
2021-12-23 14:31:49,697 INFO     ___FILE_ONLY___ ═
2021-12-23 14:31:49,698 INFO     ___FILE_ONLY___ ═
2021-12-23 14:31:49,698 INFO     ___FILE_ONLY___ ═
2021-12-23 14:31:49,699 INFO     ___FILE_ONLY___ ═
2021-12-23 14:31:49,699 INFO     ___FILE_ONLY___ ═
2021-12-23 14:31:49,699 INFO     ___FILE_ONLY___ ═
2021-12-23 14:31:49,700 INFO     ___FILE_ONLY___ ═
2021-12-23 14:31:49,700 INFO     ___FILE_ONLY___ ═
2021-12-23 14:31:49,701 INFO     ___FILE_ONLY___ ═
2021-12-23 14:31:49,701 INFO     ___FILE_ONLY___ ═
2021-12-23 14:31:49,701 INFO     ___FILE_ONLY___ ═
2021-12-23 14:31:49,702 INFO     ___FILE_ONLY___ ═
2021-12-23 14:31:49,702 INFO     ___FILE_ONLY___ ═
2021-12-23 14:31:49,703 INFO     ___FILE_ONLY___ ═
2021-12-23 14:31:49,703 INFO     ___FILE_ONLY___ ═
2021-12-23 14:31:49,703 INFO     ___FILE_ONLY___ ═
2021-12-23 14:31:49,704 INFO     ___FILE_ONLY___ ═
2021-12-23 14:31:49,704 INFO     ___FILE_ONLY___ ═
2021-12-23 14:31:49,705 INFO     ___FILE_ONLY___ ═
2021-12-23 14:31:49,705 INFO     ___FILE_ONLY___ ═
2021-12-23 14:31:49,706 INFO     ___FILE_ONLY___ ═
2021-12-23 14:31:49,706 INFO     ___FILE_ONLY___ ═
2021-12-23 14:31:49,706 INFO     ___FILE_ONLY___ ═
2021-12-23 14:31:49,707 INFO     ___FILE_ONLY___ ═
2021-12-23 14:31:49,707 INFO     ___FILE_ONLY___ ═
2021-12-23 14:31:49,708 INFO     ___FILE_ONLY___ ═
2021-12-23 14:31:50,271 INFO     ___FILE_ONLY___ ═
2021-12-23 14:31:50,314 INFO     ___FILE_ONLY___ ═
2021-12-23 14:31:50,342 INFO     ___FILE_ONLY___ ═
2021-12-23 14:31:50,372 INFO     ___FILE_ONLY___ ═
2021-12-23 14:31:50,399 INFO     ___FILE_ONLY___ ═
2021-12-23 14:31:50,434 INFO     ___FILE_ONLY___ ═
2021-12-23 14:31:50,471 INFO     ___FILE_ONLY___ ═
2021-12-23 14:31:50,512 INFO     ___FILE_ONLY___ ═
2021-12-23 14:31:50,542 INFO     ___FILE_ONLY___ ═
2021-12-23 14:31:50,577 INFO     ___FILE_ONLY___ ═
2021-12-23 14:31:50,614 INFO     ___FILE_ONLY___ ═
2021-12-23 14:31:50,642 INFO     ___FILE_ONLY___ ═
2021-12-23 14:31:50,676 INFO     ___FILE_ONLY___ ═
2021-12-23 14:31:50,705 INFO     ___FILE_ONLY___ ═
2021-12-23 14:31:50,732 INFO     ___FILE_ONLY___ ═
2021-12-23 14:31:50,768 INFO     ___FILE_ONLY___ ═
2021-12-23 14:31:50,796 INFO     ___FILE_ONLY___ ═
2021-12-23 14:31:50,828 INFO     ___FILE_ONLY___ ═
2021-12-23 14:31:50,864 INFO     ___FILE_ONLY___ ═
2021-12-23 14:31:50,895 INFO     ___FILE_ONLY___ ═
2021-12-23 14:31:50,939 INFO     ___FILE_ONLY___ ═
2021-12-23 14:31:50,971 INFO     ___FILE_ONLY___ ═
2021-12-23 14:31:51,006 INFO     ___FILE_ONLY___ ═
2021-12-23 14:31:51,047 INFO     ___FILE_ONLY___ ═
2021-12-23 14:31:51,086 INFO     ___FILE_ONLY___ ═
2021-12-23 14:31:51,116 INFO     ___FILE_ONLY___ ═
2021-12-23 14:31:51,143 INFO     ___FILE_ONLY___ ═
2021-12-23 14:31:51,170 INFO     ___FILE_ONLY___ ═
2021-12-23 14:31:51,201 INFO     ___FILE_ONLY___ ═
2021-12-23 14:31:51,244 INFO     ___FILE_ONLY___ ═
2021-12-23 14:31:51,244 INFO     ___FILE_ONLY___ ╝

2021-12-23 14:31:51,310 INFO     ___FILE_ONLY___ ╔════════════════════════════════════════════════════════════╗

2021-12-23 14:31:51,310 INFO     ___FILE_ONLY___ ╠═ Installing: Cloud Storage Command Line Tool (Platform... ═╣

2021-12-23 14:31:51,310 INFO     ___FILE_ONLY___ ╚
2021-12-23 14:31:51,314 DEBUG    urllib3.connectionpool Starting new HTTPS connection (1): dl.google.com:443
2021-12-23 14:31:51,388 DEBUG    urllib3.connectionpool https://dl.google.com:443 "GET /dl/cloudsdk/channels/rapid/components/google-cloud-sdk-gsutil-nix-20210917183454.tar.gz HTTP/1.1" 200 1913
2021-12-23 14:31:51,389 INFO     ___FILE_ONLY___ ══════════════════════════════
2021-12-23 14:31:51,391 INFO     ___FILE_ONLY___ ══════════════════════════════
2021-12-23 14:31:51,391 INFO     ___FILE_ONLY___ ╝

2021-12-23 14:31:51,401 INFO     ___FILE_ONLY___ ╔════════════════════════════════════════════════════════════╗

2021-12-23 14:31:51,401 INFO     ___FILE_ONLY___ ╠═ Installing: Default set of gcloud commands               ═╣

2021-12-23 14:31:51,401 INFO     ___FILE_ONLY___ ╚
2021-12-23 14:31:51,405 INFO     ___FILE_ONLY___ ════════════════════════════════════════════════════════════
2021-12-23 14:31:51,405 INFO     ___FILE_ONLY___ ╝

2021-12-23 14:31:51,409 INFO     ___FILE_ONLY___ ╔════════════════════════════════════════════════════════════╗

2021-12-23 14:31:51,410 INFO     ___FILE_ONLY___ ╠═ Installing: anthoscli                                    ═╣

2021-12-23 14:31:51,410 INFO     ___FILE_ONLY___ ╚
2021-12-23 14:31:51,413 INFO     ___FILE_ONLY___ ════════════════════════════════════════════════════════════
2021-12-23 14:31:51,414 INFO     ___FILE_ONLY___ ╝

2021-12-23 14:31:51,417 INFO     ___FILE_ONLY___ ╔════════════════════════════════════════════════════════════╗

2021-12-23 14:31:51,418 INFO     ___FILE_ONLY___ ╠═ Installing: anthoscli                                    ═╣

2021-12-23 14:31:51,418 INFO     ___FILE_ONLY___ ╚
2021-12-23 14:31:51,421 DEBUG    urllib3.connectionpool Starting new HTTPS connection (1): dl.google.com:443
2021-12-23 14:31:51,505 DEBUG    urllib3.connectionpool https://dl.google.com:443 "GET /dl/cloudsdk/channels/rapid/components/google-cloud-sdk-anthoscli-linux-x86_64-20211015142804.tar.gz HTTP/1.1" 200 49314230
2021-12-23 14:31:51,756 INFO     ___FILE_ONLY___ ═
2021-12-23 14:31:51,758 INFO     ___FILE_ONLY___ ═
2021-12-23 14:31:51,760 INFO     ___FILE_ONLY___ ═
2021-12-23 14:31:51,762 INFO     ___FILE_ONLY___ ═
2021-12-23 14:31:51,764 INFO     ___FILE_ONLY___ ═
2021-12-23 14:31:51,766 INFO     ___FILE_ONLY___ ═
2021-12-23 14:31:51,768 INFO     ___FILE_ONLY___ ═
2021-12-23 14:31:51,770 INFO     ___FILE_ONLY___ ═
2021-12-23 14:31:51,772 INFO     ___FILE_ONLY___ ═
2021-12-23 14:31:51,774 INFO     ___FILE_ONLY___ ═
2021-12-23 14:31:51,776 INFO     ___FILE_ONLY___ ═
2021-12-23 14:31:51,778 INFO     ___FILE_ONLY___ ═
2021-12-23 14:31:51,780 INFO     ___FILE_ONLY___ ═
2021-12-23 14:31:51,782 INFO     ___FILE_ONLY___ ═
2021-12-23 14:31:51,784 INFO     ___FILE_ONLY___ ═
2021-12-23 14:31:51,786 INFO     ___FILE_ONLY___ ═
2021-12-23 14:31:51,788 INFO     ___FILE_ONLY___ ═
2021-12-23 14:31:51,790 INFO     ___FILE_ONLY___ ═
2021-12-23 14:31:51,792 INFO     ___FILE_ONLY___ ═
2021-12-23 14:31:51,794 INFO     ___FILE_ONLY___ ═
2021-12-23 14:31:51,796 INFO     ___FILE_ONLY___ ═
2021-12-23 14:31:51,798 INFO     ___FILE_ONLY___ ═
2021-12-23 14:31:51,800 INFO     ___FILE_ONLY___ ═
2021-12-23 14:31:51,802 INFO     ___FILE_ONLY___ ═
2021-12-23 14:31:51,804 INFO     ___FILE_ONLY___ ═
2021-12-23 14:31:51,806 INFO     ___FILE_ONLY___ ═
2021-12-23 14:31:51,808 INFO     ___FILE_ONLY___ ═
2021-12-23 14:31:51,810 INFO     ___FILE_ONLY___ ═
2021-12-23 14:31:51,812 INFO     ___FILE_ONLY___ ═
2021-12-23 14:31:51,814 INFO     ___FILE_ONLY___ ═
2021-12-23 14:31:53,512 INFO     ___FILE_ONLY___ ══════════
2021-12-23 14:31:53,517 INFO     ___FILE_ONLY___ ═════════
2021-12-23 14:31:53,539 INFO     ___FILE_ONLY___ ═══════════
2021-12-23 14:31:53,539 INFO     ___FILE_ONLY___ ╝

2021-12-23 14:31:53,559 INFO     ___FILE_ONLY___ ╔════════════════════════════════════════════════════════════╗

2021-12-23 14:31:53,560 INFO     ___FILE_ONLY___ ╠═ Installing: gcloud cli dependencies                      ═╣

2021-12-23 14:31:53,560 INFO     ___FILE_ONLY___ ╚
2021-12-23 14:31:53,564 DEBUG    urllib3.connectionpool Starting new HTTPS connection (1): dl.google.com:443
2021-12-23 14:31:53,644 DEBUG    urllib3.connectionpool https://dl.google.com:443 "GET /dl/cloudsdk/channels/rapid/components/google-cloud-sdk-gcloud-deps-linux-x86_64-20210416153011.tar.gz HTTP/1.1" 200 104
2021-12-23 14:31:53,645 INFO     ___FILE_ONLY___ ══════════════════════════════
2021-12-23 14:31:53,646 INFO     ___FILE_ONLY___ ══════════════════════════════
2021-12-23 14:31:53,646 INFO     ___FILE_ONLY___ ╝

2021-12-23 14:31:53,656 INFO     ___FILE_ONLY___ ╔════════════════════════════════════════════════════════════╗

2021-12-23 14:31:53,656 INFO     ___FILE_ONLY___ ╠═ Creating backup and activating new installation          ═╣

2021-12-23 14:31:53,656 INFO     ___FILE_ONLY___ ╚
2021-12-23 14:31:53,656 DEBUG    root            Attempting to move directory [/tools/google-cloud-sdk] to [/tools/google-cloud-sdk.staging/.install/.backup]
2021-12-23 14:31:53,656 INFO     ___FILE_ONLY___ ══════════════════════════════
2021-12-23 14:31:53,657 DEBUG    root            Attempting to move directory [/tools/google-cloud-sdk.staging] to [/tools/google-cloud-sdk]
2021-12-23 14:31:53,657 INFO     ___FILE_ONLY___ ══════════════════════════════
2021-12-23 14:31:53,657 INFO     ___FILE_ONLY___ ╝

2021-12-23 14:31:53,660 DEBUG    root            Updating notification cache...
2021-12-23 14:31:53,661 INFO     ___FILE_ONLY___ 

2021-12-23 14:31:53,665 INFO     ___FILE_ONLY___ Performing post processing steps...
2021-12-23 14:31:53,666 DEBUG    root            Executing command: ['python3', '-S', '/tools/google-cloud-sdk/lib/gcloud.py', 'components', 'post-process']
2021-12-23 14:32:10,220 DEBUG    ___FILE_ONLY___ 
2021-12-23 14:32:10,220 DEBUG    ___FILE_ONLY___ 
2021-12-23 14:32:10,441 INFO     ___FILE_ONLY___ 
Update done!


2021-12-23 14:32:10,445 INFO     root            Display format: "none"
