2021-12-23 14:32:11,075 DEBUG    root            Loaded Command Group: ['gcloud', 'components']
2021-12-23 14:32:11,078 DEBUG    root            Loaded Command Group: ['gcloud', 'components', 'update']
2021-12-23 14:32:11,080 DEBUG    root            Running [gcloud.components.update] with arguments: [--quiet: "True", COMPONENT-IDS:8: "['gcloud', 'core', 'bq', 'gsutil', 'compute', 'preview', 'alpha', 'beta']"]
2021-12-23 14:32:11,086 INFO     ___FILE_ONLY___ Beginning update. This process may take several minutes.

2021-12-23 14:32:11,092 DEBUG    urllib3.connectionpool Starting new HTTPS connection (1): dl.google.com:443
2021-12-23 14:32:11,173 DEBUG    urllib3.connectionpool https://dl.google.com:443 "GET /dl/cloudsdk/channels/rapid/components-2.json HTTP/1.1" 200 176227
2021-12-23 14:32:11,190 WARNING  root            Component [compute] no longer exists.
2021-12-23 14:32:11,190 WARNING  root            Component [preview] no longer exists.
2021-12-23 14:32:11,191 INFO     ___FILE_ONLY___ 

2021-12-23 14:32:11,192 INFO     ___FILE_ONLY___ 
Your current Cloud SDK version is: 367.0.0

2021-12-23 14:32:11,192 INFO     ___FILE_ONLY___ Installing components from version: 367.0.0

2021-12-23 14:32:11,192 INFO     ___FILE_ONLY___ 

2021-12-23 14:32:11,195 INFO     ___FILE_ONLY___ ┌──────────────────────────────────────────────┐
2021-12-23 14:32:11,195 INFO     ___FILE_ONLY___ 

2021-12-23 14:32:11,195 INFO     ___FILE_ONLY___ │     These components will be installed.      │
2021-12-23 14:32:11,195 INFO     ___FILE_ONLY___ 

2021-12-23 14:32:11,195 INFO     ___FILE_ONLY___ ├───────────────────────┬────────────┬─────────┤
2021-12-23 14:32:11,196 INFO     ___FILE_ONLY___ 

2021-12-23 14:32:11,196 INFO     ___FILE_ONLY___ │          Name         │  Version   │   Size  │
2021-12-23 14:32:11,196 INFO     ___FILE_ONLY___ 

2021-12-23 14:32:11,196 INFO     ___FILE_ONLY___ ├───────────────────────┼────────────┼─────────┤
2021-12-23 14:32:11,196 INFO     ___FILE_ONLY___ 

2021-12-23 14:32:11,196 INFO     ___FILE_ONLY___ │ 
2021-12-23 14:32:11,196 INFO     ___FILE_ONLY___ gcloud Alpha Commands
2021-12-23 14:32:11,196 INFO     ___FILE_ONLY___  
2021-12-23 14:32:11,197 INFO     ___FILE_ONLY___ │ 
2021-12-23 14:32:11,197 INFO     ___FILE_ONLY___ 2021.12.10
2021-12-23 14:32:11,197 INFO     ___FILE_ONLY___  
2021-12-23 14:32:11,197 INFO     ___FILE_ONLY___ │ 
2021-12-23 14:32:11,197 INFO     ___FILE_ONLY___ < 1 MiB
2021-12-23 14:32:11,197 INFO     ___FILE_ONLY___  
2021-12-23 14:32:11,197 INFO     ___FILE_ONLY___ │
2021-12-23 14:32:11,197 INFO     ___FILE_ONLY___ 

2021-12-23 14:32:11,197 INFO     ___FILE_ONLY___ │ 
2021-12-23 14:32:11,197 INFO     ___FILE_ONLY___ gcloud Beta Commands 
2021-12-23 14:32:11,198 INFO     ___FILE_ONLY___  
2021-12-23 14:32:11,198 INFO     ___FILE_ONLY___ │ 
2021-12-23 14:32:11,198 INFO     ___FILE_ONLY___ 2021.12.10
2021-12-23 14:32:11,198 INFO     ___FILE_ONLY___  
2021-12-23 14:32:11,198 INFO     ___FILE_ONLY___ │ 
2021-12-23 14:32:11,198 INFO     ___FILE_ONLY___ < 1 MiB
2021-12-23 14:32:11,198 INFO     ___FILE_ONLY___  
2021-12-23 14:32:11,198 INFO     ___FILE_ONLY___ │
2021-12-23 14:32:11,198 INFO     ___FILE_ONLY___ 

2021-12-23 14:32:11,199 INFO     ___FILE_ONLY___ └───────────────────────┴────────────┴─────────┘
2021-12-23 14:32:11,199 INFO     ___FILE_ONLY___ 

2021-12-23 14:32:11,199 INFO     ___FILE_ONLY___ 

2021-12-23 14:32:11,201 DEBUG    urllib3.connectionpool Starting new HTTPS connection (1): dl.google.com:443
2021-12-23 14:32:11,275 DEBUG    urllib3.connectionpool https://dl.google.com:443 "GET /dl/cloudsdk/channels/rapid/RELEASE_NOTES HTTP/1.1" 200 739514
2021-12-23 14:32:11,297 INFO     ___FILE_ONLY___ For the latest full release notes, please visit:
  https://cloud.google.com/sdk/release_notes


2021-12-23 14:32:11,302 INFO     ___FILE_ONLY___ ╔════════════════════════════════════════════════════════════╗

2021-12-23 14:32:11,302 INFO     ___FILE_ONLY___ ╠═ Creating update staging area                             ═╣

2021-12-23 14:32:11,302 INFO     ___FILE_ONLY___ ╚
2021-12-23 14:32:11,302 INFO     ___FILE_ONLY___ ══════
2021-12-23 14:32:11,793 INFO     ___FILE_ONLY___ ══════
2021-12-23 14:32:11,793 INFO     ___FILE_ONLY___ ══════
2021-12-23 14:32:12,084 INFO     ___FILE_ONLY___ ═
2021-12-23 14:32:12,144 INFO     ___FILE_ONLY___ ═
2021-12-23 14:32:12,206 INFO     ___FILE_ONLY___ ═
2021-12-23 14:32:12,301 INFO     ___FILE_ONLY___ ═
2021-12-23 14:32:12,380 INFO     ___FILE_ONLY___ ═
2021-12-23 14:32:12,445 INFO     ___FILE_ONLY___ ═
2021-12-23 14:32:12,515 INFO     ___FILE_ONLY___ ═
2021-12-23 14:32:12,565 INFO     ___FILE_ONLY___ ═
2021-12-23 14:32:12,625 INFO     ___FILE_ONLY___ ═
2021-12-23 14:32:12,694 INFO     ___FILE_ONLY___ ═
2021-12-23 14:32:12,779 INFO     ___FILE_ONLY___ ═
2021-12-23 14:32:12,866 INFO     ___FILE_ONLY___ ═
2021-12-23 14:32:12,931 INFO     ___FILE_ONLY___ ═
2021-12-23 14:32:12,990 INFO     ___FILE_ONLY___ ═
2021-12-23 14:32:13,072 INFO     ___FILE_ONLY___ ═
2021-12-23 14:32:13,115 INFO     ___FILE_ONLY___ ═
2021-12-23 14:32:13,170 INFO     ___FILE_ONLY___ ═
2021-12-23 14:32:13,263 INFO     ___FILE_ONLY___ ═
2021-12-23 14:32:13,339 INFO     ___FILE_ONLY___ ═
2021-12-23 14:32:13,392 INFO     ___FILE_ONLY___ ═
2021-12-23 14:32:13,440 INFO     ___FILE_ONLY___ ═
2021-12-23 14:32:13,496 INFO     ___FILE_ONLY___ ═
2021-12-23 14:32:13,551 INFO     ___FILE_ONLY___ ═
2021-12-23 14:32:13,597 INFO     ___FILE_ONLY___ ═
2021-12-23 14:32:13,644 INFO     ___FILE_ONLY___ ═
2021-12-23 14:32:13,693 INFO     ___FILE_ONLY___ ═
2021-12-23 14:32:13,756 INFO     ___FILE_ONLY___ ═
2021-12-23 14:32:13,811 INFO     ___FILE_ONLY___ ═
2021-12-23 14:32:13,869 INFO     ___FILE_ONLY___ ═
2021-12-23 14:32:13,906 INFO     ___FILE_ONLY___ ═
2021-12-23 14:32:13,951 INFO     ___FILE_ONLY___ ═
2021-12-23 14:32:14,000 INFO     ___FILE_ONLY___ ═
2021-12-23 14:32:14,045 INFO     ___FILE_ONLY___ ═
2021-12-23 14:32:14,086 INFO     ___FILE_ONLY___ ═
2021-12-23 14:32:14,137 INFO     ___FILE_ONLY___ ═
2021-12-23 14:32:14,195 INFO     ___FILE_ONLY___ ═
2021-12-23 14:32:14,314 INFO     ___FILE_ONLY___ ═
2021-12-23 14:32:14,370 INFO     ___FILE_ONLY___ ═
2021-12-23 14:32:14,430 INFO     ___FILE_ONLY___ ═
2021-12-23 14:32:14,480 INFO     ___FILE_ONLY___ ═
2021-12-23 14:32:14,545 INFO     ___FILE_ONLY___ ═
2021-12-23 14:32:14,590 INFO     ___FILE_ONLY___ ═
2021-12-23 14:32:14,590 INFO     ___FILE_ONLY___ ╝

2021-12-23 14:32:16,842 INFO     ___FILE_ONLY___ ╔════════════════════════════════════════════════════════════╗

2021-12-23 14:32:16,842 INFO     ___FILE_ONLY___ ╠═ Installing: gcloud Alpha Commands                        ═╣

2021-12-23 14:32:16,842 INFO     ___FILE_ONLY___ ╚
2021-12-23 14:32:16,846 DEBUG    urllib3.connectionpool Starting new HTTPS connection (1): dl.google.com:443
2021-12-23 14:32:16,920 DEBUG    urllib3.connectionpool https://dl.google.com:443 "GET /dl/cloudsdk/channels/rapid/components/google-cloud-sdk-alpha-20211210155428.tar.gz HTTP/1.1" 200 750
2021-12-23 14:32:16,921 INFO     ___FILE_ONLY___ ══════════════════════════════
2021-12-23 14:32:16,923 INFO     ___FILE_ONLY___ ══════════════════════════════
2021-12-23 14:32:16,923 INFO     ___FILE_ONLY___ ╝

2021-12-23 14:32:16,933 INFO     ___FILE_ONLY___ ╔════════════════════════════════════════════════════════════╗

2021-12-23 14:32:16,933 INFO     ___FILE_ONLY___ ╠═ Installing: gcloud Beta Commands                         ═╣

2021-12-23 14:32:16,933 INFO     ___FILE_ONLY___ ╚
2021-12-23 14:32:16,936 DEBUG    urllib3.connectionpool Starting new HTTPS connection (1): dl.google.com:443
2021-12-23 14:32:17,007 DEBUG    urllib3.connectionpool https://dl.google.com:443 "GET /dl/cloudsdk/channels/rapid/components/google-cloud-sdk-beta-20211210155428.tar.gz HTTP/1.1" 200 746
2021-12-23 14:32:17,008 INFO     ___FILE_ONLY___ ══════════════════════════════
2021-12-23 14:32:17,010 INFO     ___FILE_ONLY___ ══════════════════════════════
2021-12-23 14:32:17,010 INFO     ___FILE_ONLY___ ╝

2021-12-23 14:32:17,019 INFO     ___FILE_ONLY___ ╔════════════════════════════════════════════════════════════╗

2021-12-23 14:32:17,020 INFO     ___FILE_ONLY___ ╠═ Creating backup and activating new installation          ═╣

2021-12-23 14:32:17,020 INFO     ___FILE_ONLY___ ╚
2021-12-23 14:32:17,020 DEBUG    root            Attempting to move directory [/tools/google-cloud-sdk] to [/tools/google-cloud-sdk.staging/.install/.backup]
2021-12-23 14:32:17,020 INFO     ___FILE_ONLY___ ══════════════════════════════
2021-12-23 14:32:17,020 DEBUG    root            Attempting to move directory [/tools/google-cloud-sdk.staging] to [/tools/google-cloud-sdk]
2021-12-23 14:32:17,020 INFO     ___FILE_ONLY___ ══════════════════════════════
2021-12-23 14:32:17,021 INFO     ___FILE_ONLY___ ╝

2021-12-23 14:32:17,024 DEBUG    root            Updating notification cache...
2021-12-23 14:32:17,025 INFO     ___FILE_ONLY___ 

2021-12-23 14:32:17,029 INFO     ___FILE_ONLY___ Performing post processing steps...
2021-12-23 14:32:17,030 DEBUG    root            Executing command: ['python3', '-S', '/tools/google-cloud-sdk/lib/gcloud.py', 'components', 'post-process']
2021-12-23 14:32:34,729 DEBUG    ___FILE_ONLY___ 
2021-12-23 14:32:34,729 DEBUG    ___FILE_ONLY___ 
2021-12-23 14:32:34,806 INFO     ___FILE_ONLY___ 
Update done!


2021-12-23 14:32:34,809 INFO     root            Display format: "none"
